11:40:23.946 [main] INFO  testCases.AccRegistrationTest - ***  Starting AccountRegistrationTest ***
11:40:27.142 [main] INFO  testCases.AccRegistrationTest - clicked on register link
11:40:29.229 [main] INFO  testCases.AccRegistrationTest - selected gender
11:40:31.333 [main] INFO  testCases.AccRegistrationTest - Enter first name
11:40:33.460 [main] INFO  testCases.AccRegistrationTest - Enter last name
11:40:35.634 [main] INFO  testCases.AccRegistrationTest - Set date
11:40:37.793 [main] INFO  testCases.AccRegistrationTest - Set month
11:40:39.982 [main] INFO  testCases.AccRegistrationTest - Set Year
11:40:42.129 [main] INFO  testCases.AccRegistrationTest - Set eamil
11:40:44.351 [main] INFO  testCases.AccRegistrationTest - Enter password
11:40:46.490 [main] INFO  testCases.AccRegistrationTest - Confirm password
11:40:49.439 [main] INFO  testCases.AccRegistrationTest - Clicked on register button
11:40:51.510 [main] INFO  testCases.AccRegistrationTest - validating Expected msg
11:42:17.239 [main] INFO  testCases.AccRegistrationTest - Clicked continue button
11:42:19.306 [main] INFO  testCases.AccRegistrationTest - validated logo
11:42:19.349 [main] INFO  testCases.AccRegistrationTest - captured title
11:42:19.350 [main] INFO  testCases.AccRegistrationTest - ***  Finished AccountRegistrationTest ***
11:46:37.429 [main] DEBUG io.netty.util.internal.logging.InternalLoggerFactory - Using Log4J2 as the default logging framework
11:46:37.443 [main] DEBUG io.netty.util.ResourceLeakDetector - -Dio.netty.leakDetection.level: simple
11:46:37.443 [main] DEBUG io.netty.util.ResourceLeakDetector - -Dio.netty.leakDetection.targetRecords: 4
11:46:37.453 [main] DEBUG io.netty.util.ResourceLeakDetectorFactory - Loaded default ResourceLeakDetector: io.netty.util.ResourceLeakDetector@78b41097
11:46:37.481 [main] DEBUG io.netty.util.internal.PlatformDependent0 - -Dio.netty.noUnsafe: false
11:46:37.482 [main] DEBUG io.netty.util.internal.PlatformDependent0 - Java version: 17
11:46:37.483 [main] DEBUG io.netty.util.internal.PlatformDependent0 - sun.misc.Unsafe.theUnsafe: available
11:46:37.484 [main] DEBUG io.netty.util.internal.PlatformDependent0 - sun.misc.Unsafe.copyMemory: available
11:46:37.485 [main] DEBUG io.netty.util.internal.PlatformDependent0 - sun.misc.Unsafe.storeFence: available
11:46:37.486 [main] DEBUG io.netty.util.internal.PlatformDependent0 - java.nio.Buffer.address: available
11:46:37.491 [main] DEBUG io.netty.util.internal.PlatformDependent0 - direct buffer constructor: unavailable: Reflective setAccessible(true) disabled
11:46:37.493 [main] DEBUG io.netty.util.internal.PlatformDependent0 - java.nio.Bits.unaligned: available, true
11:46:37.496 [main] DEBUG io.netty.util.internal.PlatformDependent0 - jdk.internal.misc.Unsafe.allocateUninitializedArray(int): unavailable: class io.netty.util.internal.PlatformDependent0$7 cannot access class jdk.internal.misc.Unsafe (in module java.base) because module java.base does not export jdk.internal.misc to unnamed module @2096442d
11:46:37.498 [main] DEBUG io.netty.util.internal.PlatformDependent0 - java.nio.DirectByteBuffer.<init>(long, int): unavailable
11:46:37.499 [main] DEBUG io.netty.util.internal.PlatformDependent - sun.misc.Unsafe: available
11:46:37.500 [main] DEBUG io.netty.util.internal.PlatformDependent - maxDirectMemory: 2046820352 bytes (maybe)
11:46:37.500 [main] DEBUG io.netty.util.internal.PlatformDependent - -Dio.netty.tmpdir: C:\Users\zzlpatel\AppData\Local\Temp (java.io.tmpdir)
11:46:37.501 [main] DEBUG io.netty.util.internal.PlatformDependent - -Dio.netty.bitMode: 64 (sun.arch.data.model)
11:46:37.501 [main] DEBUG io.netty.util.internal.PlatformDependent - Platform: Windows
11:46:37.502 [main] DEBUG io.netty.util.internal.PlatformDependent - -Dio.netty.maxDirectMemory: -1 bytes
11:46:37.503 [main] DEBUG io.netty.util.internal.PlatformDependent - -Dio.netty.uninitializedArrayAllocationThreshold: -1
11:46:37.505 [main] DEBUG io.netty.util.internal.CleanerJava9 - java.nio.ByteBuffer.cleaner(): available
11:46:37.506 [main] DEBUG io.netty.util.internal.PlatformDependent - -Dio.netty.noPreferDirect: false
11:46:37.520 [main] DEBUG io.netty.util.internal.PlatformDependent - org.jctools-core.MpscChunkedArrayQueue: available
11:46:37.546 [main] DEBUG io.netty.util.internal.InternalThreadLocalMap - -Dio.netty.threadLocalMap.stringBuilder.initialSize: 1024
11:46:37.546 [main] DEBUG io.netty.util.internal.InternalThreadLocalMap - -Dio.netty.threadLocalMap.stringBuilder.maxSize: 4096
11:46:37.612 [main] DEBUG io.netty.handler.ssl.JdkSslContext - Default protocols (JDK): [TLSv1.3, TLSv1.2] 
11:46:37.613 [main] DEBUG io.netty.handler.ssl.JdkSslContext - Default cipher suites (JDK): [TLS_ECDHE_ECDSA_WITH_AES_256_GCM_SHA384, TLS_ECDHE_ECDSA_WITH_AES_128_GCM_SHA256, TLS_ECDHE_RSA_WITH_AES_128_GCM_SHA256, TLS_ECDHE_RSA_WITH_AES_256_GCM_SHA384, TLS_ECDHE_RSA_WITH_AES_128_CBC_SHA, TLS_ECDHE_RSA_WITH_AES_256_CBC_SHA, TLS_RSA_WITH_AES_128_GCM_SHA256, TLS_RSA_WITH_AES_128_CBC_SHA, TLS_RSA_WITH_AES_256_CBC_SHA, TLS_AES_128_GCM_SHA256, TLS_AES_256_GCM_SHA384]
11:46:37.650 [main] DEBUG io.netty.channel.MultithreadEventLoopGroup - -Dio.netty.eventLoopThreads: 8
11:46:37.664 [main] DEBUG io.netty.channel.nio.NioEventLoop - -Dio.netty.noKeySetOptimization: false
11:46:37.664 [main] DEBUG io.netty.channel.nio.NioEventLoop - -Dio.netty.selectorAutoRebuildThreshold: 512
11:46:37.749 [main] DEBUG io.netty.buffer.PooledByteBufAllocator - -Dio.netty.allocator.numHeapArenas: 8
11:46:37.750 [main] DEBUG io.netty.buffer.PooledByteBufAllocator - -Dio.netty.allocator.numDirectArenas: 8
11:46:37.750 [main] DEBUG io.netty.buffer.PooledByteBufAllocator - -Dio.netty.allocator.pageSize: 8192
11:46:37.750 [main] DEBUG io.netty.buffer.PooledByteBufAllocator - -Dio.netty.allocator.maxOrder: 9
11:46:37.750 [main] DEBUG io.netty.buffer.PooledByteBufAllocator - -Dio.netty.allocator.chunkSize: 4194304
11:46:37.750 [main] DEBUG io.netty.buffer.PooledByteBufAllocator - -Dio.netty.allocator.smallCacheSize: 256
11:46:37.750 [main] DEBUG io.netty.buffer.PooledByteBufAllocator - -Dio.netty.allocator.normalCacheSize: 64
11:46:37.751 [main] DEBUG io.netty.buffer.PooledByteBufAllocator - -Dio.netty.allocator.maxCachedBufferCapacity: 32768
11:46:37.751 [main] DEBUG io.netty.buffer.PooledByteBufAllocator - -Dio.netty.allocator.cacheTrimInterval: 8192
11:46:37.751 [main] DEBUG io.netty.buffer.PooledByteBufAllocator - -Dio.netty.allocator.cacheTrimIntervalMillis: 0
11:46:37.751 [main] DEBUG io.netty.buffer.PooledByteBufAllocator - -Dio.netty.allocator.useCacheForAllThreads: false
11:46:37.752 [main] DEBUG io.netty.buffer.PooledByteBufAllocator - -Dio.netty.allocator.maxCachedByteBuffersPerChunk: 1023
11:46:37.766 [main] DEBUG io.netty.buffer.ByteBufUtil - -Dio.netty.allocator.type: pooled
11:46:37.766 [main] DEBUG io.netty.buffer.ByteBufUtil - -Dio.netty.threadLocalDirectBufferSize: 0
11:46:37.766 [main] DEBUG io.netty.buffer.ByteBufUtil - -Dio.netty.maxThreadLocalCharBufferSize: 16384
11:46:38.290 [Forwarding newSession on session null to remote] DEBUG io.netty.channel.DefaultChannelId - -Dio.netty.processId: 13828 (auto-detected)
11:46:38.292 [Forwarding newSession on session null to remote] DEBUG io.netty.util.NetUtil - -Djava.net.preferIPv4Stack: false
11:46:38.292 [Forwarding newSession on session null to remote] DEBUG io.netty.util.NetUtil - -Djava.net.preferIPv6Addresses: false
11:46:38.312 [Forwarding newSession on session null to remote] DEBUG io.netty.util.NetUtilInitializations - Loopback interface: lo (Software Loopback Interface 1, 127.0.0.1)
11:46:38.313 [Forwarding newSession on session null to remote] DEBUG io.netty.util.NetUtil - Failed to get SOMAXCONN from sysctl and file \proc\sys\net\core\somaxconn. Default: 200
11:46:38.343 [Forwarding newSession on session null to remote] DEBUG io.netty.channel.DefaultChannelId - -Dio.netty.machineId: 40:a3:cc:ff:fe:a9:75:1d (auto-detected)
11:46:38.404 [AsyncHttpClient-1-2] DEBUG io.netty.buffer.AbstractByteBuf - -Dio.netty.buffer.checkAccessible: true
11:46:38.404 [AsyncHttpClient-1-2] DEBUG io.netty.buffer.AbstractByteBuf - -Dio.netty.buffer.checkBounds: true
11:46:38.405 [AsyncHttpClient-1-2] DEBUG io.netty.util.ResourceLeakDetectorFactory - Loaded default ResourceLeakDetector: io.netty.util.ResourceLeakDetector@162b08cf
11:46:38.434 [AsyncHttpClient-1-2] DEBUG io.netty.util.Recycler - -Dio.netty.recycler.maxCapacityPerThread: 4096
11:46:38.434 [AsyncHttpClient-1-2] DEBUG io.netty.util.Recycler - -Dio.netty.recycler.ratio: 8
11:46:38.434 [AsyncHttpClient-1-2] DEBUG io.netty.util.Recycler - -Dio.netty.recycler.chunkSize: 32
11:46:38.434 [AsyncHttpClient-1-2] DEBUG io.netty.util.Recycler - -Dio.netty.recycler.blocking: false
11:46:39.900 [AsyncHttpClient-1-2] DEBUG io.netty.handler.codec.compression.Brotli - brotli4j not in the classpath; Brotli support will be unavailable.
11:46:40.071 [main] DEBUG io.netty.util.internal.ThreadLocalRandom - -Dio.netty.initialSeedUniquifier: 0x4fa8d5e220be158d
11:46:41.985 [main] DEBUG testCases.AccRegistrationTest - application logs......
11:46:41.986 [main] INFO  testCases.AccRegistrationTest - ***  Starting AccountRegistrationTest ***
11:46:44.633 [main] INFO  testCases.AccRegistrationTest - clicked on register link
11:46:46.730 [main] INFO  testCases.AccRegistrationTest - selected gender
11:46:48.848 [main] INFO  testCases.AccRegistrationTest - Enter first name
11:46:50.962 [main] INFO  testCases.AccRegistrationTest - Enter last name
11:46:53.130 [main] INFO  testCases.AccRegistrationTest - Set date
11:46:55.293 [main] INFO  testCases.AccRegistrationTest - Set month
11:46:57.484 [main] INFO  testCases.AccRegistrationTest - Set Year
11:46:59.654 [main] INFO  testCases.AccRegistrationTest - Set eamil
11:47:01.830 [main] INFO  testCases.AccRegistrationTest - Enter password
11:47:03.965 [main] INFO  testCases.AccRegistrationTest - Confirm password
11:47:06.961 [main] INFO  testCases.AccRegistrationTest - Clicked on register button
11:47:09.046 [main] INFO  testCases.AccRegistrationTest - validating Expected msg
11:47:13.687 [main] INFO  testCases.AccRegistrationTest - Clicked continue button
11:47:15.754 [main] INFO  testCases.AccRegistrationTest - validated logo
11:47:15.807 [main] INFO  testCases.AccRegistrationTest - captured title
11:47:15.808 [main] INFO  testCases.AccRegistrationTest - ***  Finished AccountRegistrationTest ***
13:13:58.847 [main] INFO  testCases.AccRegistrationTest - ***  Starting AccountRegistrationTest ***
13:14:01.517 [main] INFO  testCases.AccRegistrationTest - clicked on register link
13:14:03.699 [main] INFO  testCases.AccRegistrationTest - selected gender
13:14:05.825 [main] INFO  testCases.AccRegistrationTest - Enter first name
13:14:07.962 [main] INFO  testCases.AccRegistrationTest - Enter last name
13:14:10.625 [main] INFO  testCases.AccRegistrationTest - Set date
13:14:12.934 [main] INFO  testCases.AccRegistrationTest - Set month
13:14:16.930 [main] INFO  testCases.AccRegistrationTest - Set Year
13:14:19.122 [main] INFO  testCases.AccRegistrationTest - Set eamil
13:14:21.254 [main] INFO  testCases.AccRegistrationTest - Enter password
13:14:23.401 [main] INFO  testCases.AccRegistrationTest - Confirm password
13:14:26.375 [main] INFO  testCases.AccRegistrationTest - Clicked on register button
13:14:28.430 [main] INFO  testCases.AccRegistrationTest - validating Expected msg
13:14:33.108 [main] INFO  testCases.AccRegistrationTest - Clicked continue button
13:14:35.211 [main] INFO  testCases.AccRegistrationTest - validated logo
13:14:35.243 [main] INFO  testCases.AccRegistrationTest - captured title
13:14:35.244 [main] INFO  testCases.AccRegistrationTest - ***  Finished AccountRegistrationTest ***
13:40:26.576 [main] INFO  testCases.AccRegistrationTest - ***  Starting AccountRegistrationTest ***
13:40:29.868 [main] INFO  testCases.AccRegistrationTest - clicked on register link
13:40:31.999 [main] INFO  testCases.AccRegistrationTest - selected gender
13:40:34.102 [main] INFO  testCases.AccRegistrationTest - Enter first name
13:40:36.225 [main] INFO  testCases.AccRegistrationTest - Enter last name
13:40:38.952 [main] INFO  testCases.AccRegistrationTest - Set date
13:40:41.269 [main] INFO  testCases.AccRegistrationTest - Set month
13:40:45.183 [main] INFO  testCases.AccRegistrationTest - Set Year
13:40:47.372 [main] INFO  testCases.AccRegistrationTest - Set eamil
13:40:49.510 [main] INFO  testCases.AccRegistrationTest - Enter password
13:40:51.648 [main] INFO  testCases.AccRegistrationTest - Confirm password
13:40:54.692 [main] INFO  testCases.AccRegistrationTest - Clicked on register button
13:40:56.772 [main] INFO  testCases.AccRegistrationTest - validating Expected msg
13:41:01.423 [main] INFO  testCases.AccRegistrationTest - Clicked continue button
13:41:03.503 [main] INFO  testCases.AccRegistrationTest - validated logo
13:41:03.561 [main] INFO  testCases.AccRegistrationTest - captured title
13:41:03.561 [main] INFO  testCases.AccRegistrationTest - ***  Finished AccountRegistrationTest ***
14:59:01.245 [TestNG-tests-1] INFO  testCases.AccRegistrationTest - ***  Starting AccountRegistrationTest ***
14:59:03.960 [TestNG-tests-1] INFO  testCases.AccRegistrationTest - clicked on register link
14:59:05.281 [TestNG-tests-2] INFO  testCases.AccRegistrationTest - ***  Starting AccountRegistrationTest ***
14:59:06.120 [TestNG-tests-1] INFO  testCases.AccRegistrationTest - selected gender
14:59:08.041 [TestNG-tests-2] INFO  testCases.AccRegistrationTest - clicked on register link
14:59:08.248 [TestNG-tests-1] INFO  testCases.AccRegistrationTest - Enter first name
14:59:10.129 [TestNG-tests-2] INFO  testCases.AccRegistrationTest - selected gender
14:59:10.387 [TestNG-tests-1] INFO  testCases.AccRegistrationTest - Enter last name
14:59:12.258 [TestNG-tests-2] INFO  testCases.AccRegistrationTest - Enter first name
14:59:13.071 [TestNG-tests-1] INFO  testCases.AccRegistrationTest - Set date
14:59:14.384 [TestNG-tests-2] INFO  testCases.AccRegistrationTest - Enter last name
14:59:15.390 [TestNG-tests-1] INFO  testCases.AccRegistrationTest - Set month
14:59:17.024 [TestNG-tests-2] INFO  testCases.AccRegistrationTest - Set date
14:59:19.360 [TestNG-tests-1] INFO  testCases.AccRegistrationTest - Set Year
14:59:19.377 [TestNG-tests-2] INFO  testCases.AccRegistrationTest - Set month
14:59:21.612 [TestNG-tests-1] INFO  testCases.AccRegistrationTest - Set eamil
14:59:23.762 [TestNG-tests-1] INFO  testCases.AccRegistrationTest - Enter password
14:59:24.405 [TestNG-tests-2] INFO  testCases.AccRegistrationTest - Set Year
14:59:25.883 [TestNG-tests-1] INFO  testCases.AccRegistrationTest - Confirm password
14:59:26.561 [TestNG-tests-2] INFO  testCases.AccRegistrationTest - Set eamil
14:59:28.726 [TestNG-tests-2] INFO  testCases.AccRegistrationTest - Enter password
14:59:28.789 [TestNG-tests-1] INFO  testCases.AccRegistrationTest - Clicked on register button
14:59:30.814 [TestNG-tests-2] INFO  testCases.AccRegistrationTest - Confirm password
14:59:30.834 [TestNG-tests-1] INFO  testCases.AccRegistrationTest - validating Expected msg
14:59:33.740 [TestNG-tests-2] INFO  testCases.AccRegistrationTest - Clicked on register button
14:59:35.460 [TestNG-tests-1] INFO  testCases.AccRegistrationTest - Clicked continue button
14:59:35.799 [TestNG-tests-2] INFO  testCases.AccRegistrationTest - validating Expected msg
14:59:37.561 [TestNG-tests-1] INFO  testCases.AccRegistrationTest - validated logo
14:59:37.600 [TestNG-tests-1] INFO  testCases.AccRegistrationTest - captured title
14:59:37.600 [TestNG-tests-1] INFO  testCases.AccRegistrationTest - ***  Finished AccountRegistrationTest ***
14:59:40.421 [TestNG-tests-2] INFO  testCases.AccRegistrationTest - Clicked continue button
14:59:42.497 [TestNG-tests-2] INFO  testCases.AccRegistrationTest - validated logo
14:59:42.546 [TestNG-tests-2] INFO  testCases.AccRegistrationTest - captured title
14:59:42.547 [TestNG-tests-2] INFO  testCases.AccRegistrationTest - ***  Finished AccountRegistrationTest ***
15:01:58.491 [TestNG-tests-1] INFO  testCases.AccRegistrationTest - ***  Starting AccountRegistrationTest ***
15:02:01.250 [TestNG-tests-1] INFO  testCases.AccRegistrationTest - clicked on register link
15:02:02.202 [TestNG-tests-2] INFO  testCases.AccRegistrationTest - ***  Starting AccountRegistrationTest ***
15:02:03.368 [TestNG-tests-1] INFO  testCases.AccRegistrationTest - selected gender
15:02:05.357 [TestNG-tests-2] INFO  testCases.AccRegistrationTest - clicked on register link
15:02:05.498 [TestNG-tests-1] INFO  testCases.AccRegistrationTest - Enter first name
15:02:07.465 [TestNG-tests-2] INFO  testCases.AccRegistrationTest - selected gender
15:02:07.614 [TestNG-tests-1] INFO  testCases.AccRegistrationTest - Enter last name
15:02:09.622 [TestNG-tests-2] INFO  testCases.AccRegistrationTest - Enter first name
15:02:10.841 [TestNG-tests-1] INFO  testCases.AccRegistrationTest - Set date
15:02:11.819 [TestNG-tests-2] INFO  testCases.AccRegistrationTest - Enter last name
18:13:08.831 [TestNG-tests-2] INFO  testCases.AccRegistrationTest - ***  Starting AccountRegistrationTest ***
18:13:11.643 [TestNG-tests-2] INFO  testCases.AccRegistrationTest - clicked on register link
18:13:13.775 [TestNG-tests-2] INFO  testCases.AccRegistrationTest - selected gender
18:13:15.880 [TestNG-tests-2] INFO  testCases.AccRegistrationTest - Enter first name
18:13:18.055 [TestNG-tests-2] INFO  testCases.AccRegistrationTest - Enter last name
18:13:20.700 [TestNG-tests-2] INFO  testCases.AccRegistrationTest - Set date
18:13:23.025 [TestNG-tests-2] INFO  testCases.AccRegistrationTest - Set month
18:13:26.800 [TestNG-tests-2] INFO  testCases.AccRegistrationTest - Set Year
18:13:28.910 [TestNG-tests-2] INFO  testCases.AccRegistrationTest - Set eamil
18:13:31.083 [TestNG-tests-2] INFO  testCases.AccRegistrationTest - Enter password
18:13:33.240 [TestNG-tests-2] INFO  testCases.AccRegistrationTest - Confirm password
18:13:36.184 [TestNG-tests-2] INFO  testCases.AccRegistrationTest - Clicked on register button
18:13:38.261 [TestNG-tests-2] INFO  testCases.AccRegistrationTest - validating Expected msg
18:13:42.931 [TestNG-tests-2] INFO  testCases.AccRegistrationTest - Clicked continue button
18:13:45.028 [TestNG-tests-2] INFO  testCases.AccRegistrationTest - validated logo
18:13:45.076 [TestNG-tests-2] INFO  testCases.AccRegistrationTest - captured title
18:13:45.076 [TestNG-tests-2] INFO  testCases.AccRegistrationTest - ***  Finished AccountRegistrationTest ***
18:19:38.357 [TestNG-tests-1] INFO  testCases.AccRegistrationTest - ***  Starting AccountRegistrationTest ***
18:19:40.788 [TestNG-tests-2] INFO  testCases.AccRegistrationTest - ***  Starting AccountRegistrationTest ***
18:19:41.180 [TestNG-tests-1] INFO  testCases.AccRegistrationTest - clicked on register link
18:19:43.325 [TestNG-tests-1] INFO  testCases.AccRegistrationTest - selected gender
18:19:43.668 [TestNG-tests-2] INFO  testCases.AccRegistrationTest - clicked on register link
18:19:45.558 [TestNG-tests-1] INFO  testCases.AccRegistrationTest - Enter first name
18:19:45.829 [TestNG-tests-2] INFO  testCases.AccRegistrationTest - selected gender
18:19:47.735 [TestNG-tests-1] INFO  testCases.AccRegistrationTest - Enter last name
18:19:47.942 [TestNG-tests-2] INFO  testCases.AccRegistrationTest - Enter first name
18:19:50.103 [TestNG-tests-2] INFO  testCases.AccRegistrationTest - Enter last name
18:19:50.495 [TestNG-tests-1] INFO  testCases.AccRegistrationTest - Set date
18:19:52.717 [TestNG-tests-2] INFO  testCases.AccRegistrationTest - Set date
18:19:52.780 [TestNG-tests-1] INFO  testCases.AccRegistrationTest - Set month
18:19:55.107 [TestNG-tests-2] INFO  testCases.AccRegistrationTest - Set month
18:19:56.862 [TestNG-tests-1] INFO  testCases.AccRegistrationTest - Set Year
18:19:59.026 [TestNG-tests-1] INFO  testCases.AccRegistrationTest - Set eamil
18:19:59.216 [TestNG-tests-2] INFO  testCases.AccRegistrationTest - Set Year
18:20:01.185 [TestNG-tests-1] INFO  testCases.AccRegistrationTest - Enter password
18:20:01.341 [TestNG-tests-2] INFO  testCases.AccRegistrationTest - Set eamil
18:20:03.370 [TestNG-tests-1] INFO  testCases.AccRegistrationTest - Confirm password
18:20:03.539 [TestNG-tests-2] INFO  testCases.AccRegistrationTest - Enter password
18:20:05.891 [TestNG-tests-2] INFO  testCases.AccRegistrationTest - Confirm password
18:20:06.777 [TestNG-tests-1] INFO  testCases.AccRegistrationTest - Clicked on register button
18:20:08.835 [TestNG-tests-1] INFO  testCases.AccRegistrationTest - validating Expected msg
18:20:08.851 [TestNG-tests-2] INFO  testCases.AccRegistrationTest - Clicked on register button
18:20:10.905 [TestNG-tests-2] INFO  testCases.AccRegistrationTest - validating Expected msg
18:20:14.189 [TestNG-tests-1] INFO  testCases.AccRegistrationTest - Clicked continue button
18:20:15.667 [TestNG-tests-2] INFO  testCases.AccRegistrationTest - Clicked continue button
18:20:16.249 [TestNG-tests-1] INFO  testCases.AccRegistrationTest - validated logo
18:20:16.266 [TestNG-tests-1] INFO  testCases.AccRegistrationTest - captured title
18:20:16.266 [TestNG-tests-1] INFO  testCases.AccRegistrationTest - ***  Finished AccountRegistrationTest ***
18:20:17.754 [TestNG-tests-2] INFO  testCases.AccRegistrationTest - validated logo
18:20:17.878 [TestNG-tests-2] INFO  testCases.AccRegistrationTest - captured title
18:20:17.878 [TestNG-tests-2] INFO  testCases.AccRegistrationTest - ***  Finished AccountRegistrationTest ***
19:58:59.590 [main] INFO  testCases.AccRegistrationTest - ***  Starting AccountRegistrationTest ***
19:59:02.309 [main] INFO  testCases.AccRegistrationTest - clicked on register link
19:59:04.417 [main] INFO  testCases.AccRegistrationTest - selected gender
19:59:06.571 [main] INFO  testCases.AccRegistrationTest - Enter first name
19:59:08.688 [main] INFO  testCases.AccRegistrationTest - Enter last name
19:59:11.366 [main] INFO  testCases.AccRegistrationTest - Set date
19:59:13.667 [main] INFO  testCases.AccRegistrationTest - Set month
19:59:17.692 [main] INFO  testCases.AccRegistrationTest - Set Year
19:59:19.837 [main] INFO  testCases.AccRegistrationTest - Set eamil
19:59:21.955 [main] INFO  testCases.AccRegistrationTest - Enter password
19:59:24.129 [main] INFO  testCases.AccRegistrationTest - Confirm password
19:59:27.518 [main] INFO  testCases.AccRegistrationTest - Clicked on register button
19:59:29.568 [main] INFO  testCases.AccRegistrationTest - validating Expected msg
19:59:34.234 [main] INFO  testCases.AccRegistrationTest - Clicked continue button
19:59:36.288 [main] INFO  testCases.AccRegistrationTest - validated logo
19:59:36.335 [main] INFO  testCases.AccRegistrationTest - captured title
19:59:36.335 [main] INFO  testCases.AccRegistrationTest - ***  Finished AccountRegistrationTest ***
20:14:08.665 [main] INFO  testCases.AccRegistrationTest - ***  Starting AccountRegistrationTest ***
20:14:11.327 [main] INFO  testCases.AccRegistrationTest - clicked on register link
20:14:13.411 [main] INFO  testCases.AccRegistrationTest - selected gender
20:14:15.536 [main] INFO  testCases.AccRegistrationTest - Enter first name
20:14:17.656 [main] INFO  testCases.AccRegistrationTest - Enter last name
20:14:20.258 [main] INFO  testCases.AccRegistrationTest - Set date
20:14:22.570 [main] INFO  testCases.AccRegistrationTest - Set month
20:14:26.647 [main] INFO  testCases.AccRegistrationTest - Set Year
20:14:28.663 [main] INFO  testCases.AccRegistrationTest - Set eamil
20:14:30.795 [main] INFO  testCases.AccRegistrationTest - Enter password
20:14:32.994 [main] INFO  testCases.AccRegistrationTest - Confirm password
20:14:35.124 [main] INFO  testCases.AccRegistrationTest - Clicked on register button
20:14:47.201 [main] INFO  testCases.AccRegistrationTest - validating Expected msg
20:19:59.087 [main] INFO  testCases.AccRegistrationTest - ***  Starting AccountRegistrationTest ***
20:20:01.743 [main] INFO  testCases.AccRegistrationTest - clicked on register link
20:20:03.831 [main] INFO  testCases.AccRegistrationTest - selected gender
20:20:05.942 [main] INFO  testCases.AccRegistrationTest - Enter first name
20:20:08.060 [main] INFO  testCases.AccRegistrationTest - Enter last name
20:20:10.690 [main] INFO  testCases.AccRegistrationTest - Set date
20:20:13.010 [main] INFO  testCases.AccRegistrationTest - Set month
20:20:16.894 [main] INFO  testCases.AccRegistrationTest - Set Year
20:20:18.897 [main] INFO  testCases.AccRegistrationTest - Set eamil
20:20:21.066 [main] INFO  testCases.AccRegistrationTest - Enter password
20:20:23.220 [main] INFO  testCases.AccRegistrationTest - Confirm password
20:20:25.313 [main] INFO  testCases.AccRegistrationTest - Clicked on register button
20:20:37.364 [main] INFO  testCases.AccRegistrationTest - validating Expected msg
19:16:15.524 [main] INFO  testCases.LoginTest -  ***Starting Login test*** 
19:16:18.346 [main] INFO  testCases.LoginTest - Clicked on login link
19:16:18.351 [main] INFO  testCases.LoginTest - Providing login details
19:16:19.548 [main] INFO  testCases.LoginTest - Entered Email
19:16:20.681 [main] INFO  testCases.LoginTest - Entered Password
19:16:22.681 [main] INFO  testCases.LoginTest - Clicked login button
19:16:23.743 [main] INFO  testCases.LoginTest -  *** Login test passed *** 
20:09:51.718 [main] INFO  testCases.LoginTest -  ***Starting Login test*** 
20:09:55.254 [main] INFO  testCases.LoginTest - Clicked on login link
20:09:55.256 [main] INFO  testCases.LoginTest - Providing login details
20:09:56.389 [main] INFO  testCases.LoginTest - Entered Email
20:09:57.590 [main] INFO  testCases.LoginTest - Entered Password
20:09:59.154 [main] INFO  testCases.LoginTest - Clicked login button
20:11:02.428 [main] INFO  testCases.LoginDataDrivenTest - Starting LoginDataDrivenTest
20:11:05.157 [main] INFO  testCases.LoginDataDrivenTest - Clicked on login link
20:11:05.158 [main] INFO  testCases.LoginDataDrivenTest - Providing login details
20:11:06.269 [main] INFO  testCases.LoginDataDrivenTest - Entered Email
20:11:07.431 [main] INFO  testCases.LoginDataDrivenTest - Entered Password
20:11:08.992 [main] INFO  testCases.LoginDataDrivenTest - Clicked login button
20:11:20.097 [main] INFO  testCases.LoginDataDrivenTest -  Finished Login data driven Test
20:11:20.140 [main] INFO  testCases.LoginDataDrivenTest - Starting LoginDataDrivenTest
20:11:22.705 [main] INFO  testCases.LoginDataDrivenTest - Clicked on login link
20:11:22.708 [main] INFO  testCases.LoginDataDrivenTest - Providing login details
20:11:23.825 [main] INFO  testCases.LoginDataDrivenTest - Entered Email
20:11:24.966 [main] INFO  testCases.LoginDataDrivenTest - Entered Password
20:11:26.814 [main] INFO  testCases.LoginDataDrivenTest - Clicked login button
20:11:37.891 [main] INFO  testCases.LoginDataDrivenTest -  Finished Login data driven Test
20:11:37.899 [main] INFO  testCases.LoginDataDrivenTest - Starting LoginDataDrivenTest
20:11:40.621 [main] INFO  testCases.LoginDataDrivenTest - Clicked on login link
20:11:40.622 [main] INFO  testCases.LoginDataDrivenTest - Providing login details
20:11:41.719 [main] INFO  testCases.LoginDataDrivenTest - Entered Email
20:11:42.904 [main] INFO  testCases.LoginDataDrivenTest - Entered Password
20:11:44.961 [main] INFO  testCases.LoginDataDrivenTest - Clicked login button
20:11:55.981 [main] INFO  testCases.LoginDataDrivenTest -  Finished Login data driven Test
20:11:55.984 [main] INFO  testCases.LoginDataDrivenTest - Starting LoginDataDrivenTest
20:11:59.143 [main] INFO  testCases.LoginDataDrivenTest - Clicked on login link
20:11:59.145 [main] INFO  testCases.LoginDataDrivenTest - Providing login details
20:12:00.306 [main] INFO  testCases.LoginDataDrivenTest - Entered Email
20:12:01.480 [main] INFO  testCases.LoginDataDrivenTest - Entered Password
20:12:03.804 [main] INFO  testCases.LoginDataDrivenTest - Clicked login button
20:12:15.133 [main] INFO  testCases.LoginDataDrivenTest - Starting LoginDataDrivenTest
20:12:17.926 [main] INFO  testCases.LoginDataDrivenTest - Clicked on login link
20:12:17.927 [main] INFO  testCases.LoginDataDrivenTest - Providing login details
20:12:19.034 [main] INFO  testCases.LoginDataDrivenTest - Entered Email
20:12:20.189 [main] INFO  testCases.LoginDataDrivenTest - Entered Password
20:12:21.768 [main] INFO  testCases.LoginDataDrivenTest - Clicked login button
20:12:32.826 [main] INFO  testCases.LoginDataDrivenTest -  Finished Login data driven Test
20:18:13.052 [main] INFO  testCases.LoginDataDrivenTest - Starting LoginDataDrivenTest
20:18:16.065 [main] INFO  testCases.LoginDataDrivenTest - Clicked on login link
20:18:16.068 [main] INFO  testCases.LoginDataDrivenTest - Providing login details
20:18:17.188 [main] INFO  testCases.LoginDataDrivenTest - Entered Email
20:18:18.359 [main] INFO  testCases.LoginDataDrivenTest - Entered Password
20:18:20.232 [main] INFO  testCases.LoginDataDrivenTest - Clicked login button
20:18:31.297 [main] INFO  testCases.LoginDataDrivenTest -  Finished Login data driven Test
20:18:31.321 [main] INFO  testCases.LoginDataDrivenTest - Starting LoginDataDrivenTest
20:18:34.208 [main] INFO  testCases.LoginDataDrivenTest - Clicked on login link
20:18:34.210 [main] INFO  testCases.LoginDataDrivenTest - Providing login details
20:18:35.338 [main] INFO  testCases.LoginDataDrivenTest - Entered Email
20:18:36.501 [main] INFO  testCases.LoginDataDrivenTest - Entered Password
20:18:38.412 [main] INFO  testCases.LoginDataDrivenTest - Clicked login button
20:18:49.485 [main] INFO  testCases.LoginDataDrivenTest -  Finished Login data driven Test
20:18:49.494 [main] INFO  testCases.LoginDataDrivenTest - Starting LoginDataDrivenTest
20:18:52.026 [main] INFO  testCases.LoginDataDrivenTest - Clicked on login link
20:18:52.027 [main] INFO  testCases.LoginDataDrivenTest - Providing login details
20:18:53.169 [main] INFO  testCases.LoginDataDrivenTest - Entered Email
20:18:54.287 [main] INFO  testCases.LoginDataDrivenTest - Entered Password
20:18:56.306 [main] INFO  testCases.LoginDataDrivenTest - Clicked login button
20:19:07.379 [main] INFO  testCases.LoginDataDrivenTest -  Finished Login data driven Test
20:19:07.385 [main] INFO  testCases.LoginDataDrivenTest - Starting LoginDataDrivenTest
20:19:10.259 [main] INFO  testCases.LoginDataDrivenTest - Clicked on login link
20:19:10.260 [main] INFO  testCases.LoginDataDrivenTest - Providing login details
20:19:11.356 [main] INFO  testCases.LoginDataDrivenTest - Entered Email
20:19:12.513 [main] INFO  testCases.LoginDataDrivenTest - Entered Password
20:19:16.394 [main] INFO  testCases.LoginDataDrivenTest - Clicked login button
20:19:17.832 [main] INFO  testCases.LoginDataDrivenTest - Starting LoginDataDrivenTest
20:23:03.013 [main] INFO  testCases.LoginDataDrivenTest - Starting LoginDataDrivenTest
20:23:06.013 [main] INFO  testCases.LoginDataDrivenTest - Clicked on login link
20:23:06.016 [main] INFO  testCases.LoginDataDrivenTest - Providing login details
20:23:07.137 [main] INFO  testCases.LoginDataDrivenTest - Entered Email
20:23:08.298 [main] INFO  testCases.LoginDataDrivenTest - Entered Password
20:23:09.887 [main] INFO  testCases.LoginDataDrivenTest - Clicked login button
20:23:20.988 [main] INFO  testCases.LoginDataDrivenTest -  Finished Login data driven Test
20:23:21.007 [main] INFO  testCases.LoginDataDrivenTest - Starting LoginDataDrivenTest
20:23:23.604 [main] INFO  testCases.LoginDataDrivenTest - Clicked on login link
20:23:23.605 [main] INFO  testCases.LoginDataDrivenTest - Providing login details
20:23:24.697 [main] INFO  testCases.LoginDataDrivenTest - Entered Email
20:23:25.808 [main] INFO  testCases.LoginDataDrivenTest - Entered Password
20:23:27.634 [main] INFO  testCases.LoginDataDrivenTest - Clicked login button
20:23:38.678 [main] INFO  testCases.LoginDataDrivenTest -  Finished Login data driven Test
20:23:38.685 [main] INFO  testCases.LoginDataDrivenTest - Starting LoginDataDrivenTest
20:23:41.298 [main] INFO  testCases.LoginDataDrivenTest - Clicked on login link
20:23:41.298 [main] INFO  testCases.LoginDataDrivenTest - Providing login details
20:23:42.441 [main] INFO  testCases.LoginDataDrivenTest - Entered Email
20:23:43.630 [main] INFO  testCases.LoginDataDrivenTest - Entered Password
20:23:45.151 [main] INFO  testCases.LoginDataDrivenTest - Clicked login button
20:23:56.199 [main] INFO  testCases.LoginDataDrivenTest -  Finished Login data driven Test
20:23:56.204 [main] INFO  testCases.LoginDataDrivenTest - Starting LoginDataDrivenTest
20:23:58.764 [main] INFO  testCases.LoginDataDrivenTest - Clicked on login link
20:23:58.765 [main] INFO  testCases.LoginDataDrivenTest - Providing login details
20:23:59.883 [main] INFO  testCases.LoginDataDrivenTest - Entered Email
20:24:00.992 [main] INFO  testCases.LoginDataDrivenTest - Entered Password
20:24:02.932 [main] INFO  testCases.LoginDataDrivenTest - Clicked login button
20:24:14.387 [main] INFO  testCases.LoginDataDrivenTest - Starting LoginDataDrivenTest
16:46:38.374 [main] INFO  testCases.LoginDataDrivenTest - Starting LoginDataDrivenTest
16:46:41.119 [main] INFO  testCases.LoginDataDrivenTest - Clicked on login link
16:46:41.121 [main] INFO  testCases.LoginDataDrivenTest - Providing login details
16:46:42.238 [main] INFO  testCases.LoginDataDrivenTest - Entered Email
16:46:43.386 [main] INFO  testCases.LoginDataDrivenTest - Entered Password
16:46:45.016 [main] INFO  testCases.LoginDataDrivenTest - Clicked login button
16:46:56.112 [main] INFO  testCases.LoginDataDrivenTest -  Finished Login data driven Test
16:46:56.133 [main] INFO  testCases.LoginDataDrivenTest - Starting LoginDataDrivenTest
16:46:59.041 [main] INFO  testCases.LoginDataDrivenTest - Clicked on login link
16:46:59.041 [main] INFO  testCases.LoginDataDrivenTest - Providing login details
16:47:00.141 [main] INFO  testCases.LoginDataDrivenTest - Entered Email
16:47:01.308 [main] INFO  testCases.LoginDataDrivenTest - Entered Password
16:47:03.160 [main] INFO  testCases.LoginDataDrivenTest - Clicked login button
16:47:14.236 [main] INFO  testCases.LoginDataDrivenTest -  Finished Login data driven Test
16:47:14.255 [main] INFO  testCases.LoginDataDrivenTest - Starting LoginDataDrivenTest
16:47:16.918 [main] INFO  testCases.LoginDataDrivenTest - Clicked on login link
16:47:16.922 [main] INFO  testCases.LoginDataDrivenTest - Providing login details
16:47:18.055 [main] INFO  testCases.LoginDataDrivenTest - Entered Email
16:47:19.234 [main] INFO  testCases.LoginDataDrivenTest - Entered Password
16:47:21.322 [main] INFO  testCases.LoginDataDrivenTest - Clicked login button
16:47:32.419 [main] INFO  testCases.LoginDataDrivenTest -  Finished Login data driven Test
16:47:32.433 [main] INFO  testCases.LoginDataDrivenTest - Starting LoginDataDrivenTest
16:47:35.204 [main] INFO  testCases.LoginDataDrivenTest - Clicked on login link
16:47:35.208 [main] INFO  testCases.LoginDataDrivenTest - Providing login details
16:47:36.341 [main] INFO  testCases.LoginDataDrivenTest - Entered Email
16:47:37.474 [main] INFO  testCases.LoginDataDrivenTest - Entered Password
16:47:39.592 [main] INFO  testCases.LoginDataDrivenTest - Clicked login button
16:47:50.862 [main] INFO  testCases.LoginDataDrivenTest - Starting LoginDataDrivenTest
16:47:53.921 [main] INFO  testCases.LoginDataDrivenTest - Clicked on login link
16:47:53.922 [main] INFO  testCases.LoginDataDrivenTest - Providing login details
16:47:55.030 [main] INFO  testCases.LoginDataDrivenTest - Entered Email
16:47:56.168 [main] INFO  testCases.LoginDataDrivenTest - Entered Password
16:47:57.810 [main] INFO  testCases.LoginDataDrivenTest - Clicked login button
16:48:08.888 [main] INFO  testCases.LoginDataDrivenTest -  Finished Login data driven Test
16:56:36.538 [main] INFO  testCases.LoginDataDrivenTest - Starting LoginDataDrivenTest
16:56:37.264 [main] INFO  testCases.LoginDataDrivenTest - Clicked on login link
16:56:37.266 [main] INFO  testCases.LoginDataDrivenTest - Providing login details
16:56:38.391 [main] INFO  testCases.LoginDataDrivenTest - Entered Email
16:56:39.552 [main] INFO  testCases.LoginDataDrivenTest - Entered Password
16:56:41.280 [main] INFO  testCases.LoginDataDrivenTest - Clicked login button
16:56:52.355 [main] INFO  testCases.LoginDataDrivenTest -  Finished Login data driven Test
16:56:52.376 [main] INFO  testCases.LoginDataDrivenTest - Starting LoginDataDrivenTest
16:56:53.300 [main] INFO  testCases.LoginDataDrivenTest - Clicked on login link
16:56:53.301 [main] INFO  testCases.LoginDataDrivenTest - Providing login details
16:56:54.423 [main] INFO  testCases.LoginDataDrivenTest - Entered Email
16:56:55.588 [main] INFO  testCases.LoginDataDrivenTest - Entered Password
16:56:57.319 [main] INFO  testCases.LoginDataDrivenTest - Clicked login button
16:57:08.396 [main] INFO  testCases.LoginDataDrivenTest -  Finished Login data driven Test
16:57:08.435 [main] INFO  testCases.LoginDataDrivenTest - Starting LoginDataDrivenTest
16:57:09.451 [main] INFO  testCases.LoginDataDrivenTest - Clicked on login link
16:57:09.453 [main] INFO  testCases.LoginDataDrivenTest - Providing login details
16:57:10.543 [main] INFO  testCases.LoginDataDrivenTest - Entered Email
16:57:11.672 [main] INFO  testCases.LoginDataDrivenTest - Entered Password
16:57:13.294 [main] INFO  testCases.LoginDataDrivenTest - Clicked login button
16:57:24.357 [main] INFO  testCases.LoginDataDrivenTest -  Finished Login data driven Test
16:57:24.375 [main] INFO  testCases.LoginDataDrivenTest - Starting LoginDataDrivenTest
16:57:25.252 [main] INFO  testCases.LoginDataDrivenTest - Clicked on login link
16:57:25.253 [main] INFO  testCases.LoginDataDrivenTest - Providing login details
16:57:26.365 [main] INFO  testCases.LoginDataDrivenTest - Entered Email
16:57:27.502 [main] INFO  testCases.LoginDataDrivenTest - Entered Password
16:57:30.155 [main] INFO  testCases.LoginDataDrivenTest - Clicked login button
16:57:41.669 [main] INFO  testCases.LoginDataDrivenTest - Starting LoginDataDrivenTest
16:59:50.214 [main] INFO  testCases.LoginDataDrivenTest - Starting LoginDataDrivenTest
16:59:51.530 [main] INFO  testCases.LoginDataDrivenTest - Clicked on login link
16:59:51.532 [main] INFO  testCases.LoginDataDrivenTest - Providing login details
16:59:52.672 [main] INFO  testCases.LoginDataDrivenTest - Entered Email
16:59:53.866 [main] INFO  testCases.LoginDataDrivenTest - Entered Password
16:59:55.541 [main] INFO  testCases.LoginDataDrivenTest - Clicked login button
17:00:06.579 [main] INFO  testCases.LoginDataDrivenTest -  Finished Login data driven Test
17:00:06.614 [main] INFO  testCases.LoginDataDrivenTest - Starting LoginDataDrivenTest
17:00:07.456 [main] INFO  testCases.LoginDataDrivenTest - Clicked on login link
17:00:07.457 [main] INFO  testCases.LoginDataDrivenTest - Providing login details
17:00:08.573 [main] INFO  testCases.LoginDataDrivenTest - Entered Email
17:00:09.699 [main] INFO  testCases.LoginDataDrivenTest - Entered Password
17:00:11.744 [main] INFO  testCases.LoginDataDrivenTest - Clicked login button
17:00:22.825 [main] INFO  testCases.LoginDataDrivenTest -  Finished Login data driven Test
17:00:22.831 [main] INFO  testCases.LoginDataDrivenTest - Starting LoginDataDrivenTest
17:00:23.516 [main] INFO  testCases.LoginDataDrivenTest - Clicked on login link
17:00:23.517 [main] INFO  testCases.LoginDataDrivenTest - Providing login details
17:00:24.634 [main] INFO  testCases.LoginDataDrivenTest - Entered Email
17:00:25.821 [main] INFO  testCases.LoginDataDrivenTest - Entered Password
17:00:29.321 [main] INFO  testCases.LoginDataDrivenTest - Clicked login button
17:00:40.381 [main] INFO  testCases.LoginDataDrivenTest -  Finished Login data driven Test
17:00:40.385 [main] INFO  testCases.LoginDataDrivenTest - Starting LoginDataDrivenTest
17:00:41.222 [main] INFO  testCases.LoginDataDrivenTest - Clicked on login link
17:00:41.223 [main] INFO  testCases.LoginDataDrivenTest - Providing login details
17:00:42.318 [main] INFO  testCases.LoginDataDrivenTest - Entered Email
17:00:43.458 [main] INFO  testCases.LoginDataDrivenTest - Entered Password
17:00:47.604 [main] INFO  testCases.LoginDataDrivenTest - Clicked login button
17:00:49.966 [main] INFO  testCases.LoginDataDrivenTest -  Finished Login data driven Test
17:00:49.971 [main] INFO  testCases.LoginDataDrivenTest - Starting LoginDataDrivenTest
17:00:51.158 [main] INFO  testCases.LoginDataDrivenTest - Clicked on login link
17:00:51.158 [main] INFO  testCases.LoginDataDrivenTest - Providing login details
17:00:52.270 [main] INFO  testCases.LoginDataDrivenTest - Entered Email
17:00:53.415 [main] INFO  testCases.LoginDataDrivenTest - Entered Password
17:00:55.707 [main] INFO  testCases.LoginDataDrivenTest - Clicked login button
17:01:06.728 [main] INFO  testCases.LoginDataDrivenTest -  Finished Login data driven Test
19:22:25.838 [main] INFO  testCases.AccRegistrationTest - ***  Starting AccountRegistrationTest ***
19:22:29.663 [main] INFO  testCases.AccRegistrationTest - clicked on register link
19:22:31.765 [main] INFO  testCases.AccRegistrationTest - selected gender
19:22:33.892 [main] INFO  testCases.AccRegistrationTest - Enter first name
19:22:36.019 [main] INFO  testCases.AccRegistrationTest - Enter last name
19:22:38.793 [main] INFO  testCases.AccRegistrationTest - Set date
19:22:41.247 [main] INFO  testCases.AccRegistrationTest - Set month
19:22:45.540 [main] INFO  testCases.AccRegistrationTest - Set Year
19:22:47.547 [main] INFO  testCases.AccRegistrationTest - Set eamil
19:22:49.665 [main] INFO  testCases.AccRegistrationTest - Enter password
19:22:51.926 [main] INFO  testCases.AccRegistrationTest - Confirm password
19:22:54.261 [main] INFO  testCases.AccRegistrationTest - Clicked on register button
19:23:06.397 [main] INFO  testCases.AccRegistrationTest - validating Expected msg
19:23:11.229 [main] INFO  testCases.LoginTest -  ***Starting Login test*** 
19:23:14.363 [main] INFO  testCases.LoginTest - Clicked on login link
19:23:14.372 [main] INFO  testCases.LoginTest - Providing login details
19:23:15.674 [main] INFO  testCases.LoginTest - Entered Email
19:23:16.854 [main] INFO  testCases.LoginTest - Entered Password
19:23:18.590 [main] INFO  testCases.LoginTest - Clicked login button
19:25:43.485 [main] INFO  testCases.AccRegistrationTest - ***  Starting AccountRegistrationTest ***
19:25:47.469 [main] INFO  testCases.AccRegistrationTest - clicked on register link
19:25:49.554 [main] INFO  testCases.AccRegistrationTest - selected gender
19:25:51.666 [main] INFO  testCases.AccRegistrationTest - Enter first name
19:25:53.787 [main] INFO  testCases.AccRegistrationTest - Enter last name
19:25:56.603 [main] INFO  testCases.AccRegistrationTest - Set date
19:25:59.205 [main] INFO  testCases.AccRegistrationTest - Set month
19:26:03.606 [main] INFO  testCases.AccRegistrationTest - Set Year
19:26:05.936 [main] INFO  testCases.AccRegistrationTest - Set eamil
19:26:08.267 [main] INFO  testCases.AccRegistrationTest - Enter password
19:26:10.595 [main] INFO  testCases.AccRegistrationTest - Confirm password
19:26:14.383 [main] INFO  testCases.AccRegistrationTest - Clicked on register button
19:26:16.516 [main] INFO  testCases.AccRegistrationTest - validating Expected msg
19:26:21.590 [main] INFO  testCases.AccRegistrationTest - Clicked continue button
19:26:23.766 [main] INFO  testCases.AccRegistrationTest - validated logo
19:26:23.833 [main] INFO  testCases.AccRegistrationTest - captured title
19:26:23.834 [main] INFO  testCases.AccRegistrationTest - ***  Finished AccountRegistrationTest ***
19:26:29.041 [main] INFO  testCases.LoginTest -  ***Starting Login test*** 
19:26:32.658 [main] INFO  testCases.LoginTest - Clicked on login link
19:26:32.663 [main] INFO  testCases.LoginTest - Providing login details
19:26:33.977 [main] INFO  testCases.LoginTest - Entered Email
19:26:35.131 [main] INFO  testCases.LoginTest - Entered Password
19:26:37.001 [main] INFO  testCases.LoginTest - Clicked login button
19:34:03.404 [main] INFO  testCases.LoginTest -  ***Starting Login test*** 
19:34:07.366 [main] INFO  testCases.LoginTest - Clicked on login link
19:34:07.371 [main] INFO  testCases.LoginTest - Providing login details
19:34:08.574 [main] INFO  testCases.LoginTest - Entered Email
19:34:09.713 [main] INFO  testCases.LoginTest - Entered Password
19:34:11.338 [main] INFO  testCases.LoginTest - Clicked login button
19:42:13.374 [main] INFO  testCases.AccRegistrationTest - ***  Starting AccountRegistrationTest ***
19:42:17.197 [main] INFO  testCases.AccRegistrationTest - clicked on register link
19:42:19.288 [main] INFO  testCases.AccRegistrationTest - selected gender
19:42:21.407 [main] INFO  testCases.AccRegistrationTest - Enter first name
19:42:23.515 [main] INFO  testCases.AccRegistrationTest - Enter last name
19:42:26.365 [main] INFO  testCases.AccRegistrationTest - Set date
19:42:28.977 [main] INFO  testCases.AccRegistrationTest - Set month
19:42:33.575 [main] INFO  testCases.AccRegistrationTest - Set Year
19:42:35.895 [main] INFO  testCases.AccRegistrationTest - Set eamil
19:42:38.060 [main] INFO  testCases.AccRegistrationTest - Enter password
19:42:40.418 [main] INFO  testCases.AccRegistrationTest - Confirm password
19:42:44.391 [main] INFO  testCases.AccRegistrationTest - Clicked on register button
19:42:46.520 [main] INFO  testCases.AccRegistrationTest - validating Expected msg
19:42:51.569 [main] INFO  testCases.AccRegistrationTest - Clicked continue button
19:42:53.755 [main] INFO  testCases.AccRegistrationTest - validated logo
19:42:53.784 [main] INFO  testCases.AccRegistrationTest - captured title
19:42:53.786 [main] INFO  testCases.AccRegistrationTest - ***  Finished AccountRegistrationTest ***
19:42:58.105 [main] INFO  testCases.LoginTest -  ***Starting Login test*** 
19:43:01.091 [main] INFO  testCases.LoginTest - Clicked on login link
19:43:01.100 [main] INFO  testCases.LoginTest - Providing login details
19:43:02.322 [main] INFO  testCases.LoginTest - Entered Email
19:43:03.516 [main] INFO  testCases.LoginTest - Entered Password
19:43:05.154 [main] INFO  testCases.LoginTest - Clicked login button
20:34:03.614 [main] INFO  testCases.AccRegistrationTest - ***  Starting AccountRegistrationTest ***
20:34:06.530 [main] INFO  testCases.AccRegistrationTest - clicked on register link
20:34:08.612 [main] INFO  testCases.AccRegistrationTest - selected gender
20:34:10.730 [main] INFO  testCases.AccRegistrationTest - Enter first name
20:34:12.879 [main] INFO  testCases.AccRegistrationTest - Enter last name
20:34:15.553 [main] INFO  testCases.AccRegistrationTest - Set date
20:34:17.905 [main] INFO  testCases.AccRegistrationTest - Set month
20:34:21.900 [main] INFO  testCases.AccRegistrationTest - Set Year
20:34:24.067 [main] INFO  testCases.AccRegistrationTest - Set eamil
20:34:26.236 [main] INFO  testCases.AccRegistrationTest - Enter password
20:34:28.387 [main] INFO  testCases.AccRegistrationTest - Confirm password
20:34:31.680 [main] INFO  testCases.AccRegistrationTest - Clicked on register button
20:34:33.768 [main] INFO  testCases.AccRegistrationTest - validating Expected msg
20:34:38.515 [main] INFO  testCases.AccRegistrationTest - Clicked continue button
20:34:40.588 [main] INFO  testCases.AccRegistrationTest - validated logo
20:34:40.604 [main] INFO  testCases.AccRegistrationTest - captured title
20:34:40.605 [main] INFO  testCases.AccRegistrationTest - ***  Finished AccountRegistrationTest ***
20:34:46.091 [main] INFO  testCases.LoginTest -  ***Starting Login test*** 
20:34:48.970 [main] INFO  testCases.LoginTest - Clicked on login link
20:34:48.977 [main] INFO  testCases.LoginTest - Providing login details
20:34:50.127 [main] INFO  testCases.LoginTest - Entered Email
20:34:51.279 [main] INFO  testCases.LoginTest - Entered Password
20:34:52.846 [main] INFO  testCases.LoginTest - Clicked login button
20:36:50.866 [main] INFO  testCases.AccRegistrationTest - ***  Starting AccountRegistrationTest ***
20:36:54.681 [main] INFO  testCases.AccRegistrationTest - clicked on register link
20:36:56.775 [main] INFO  testCases.AccRegistrationTest - selected gender
20:36:58.915 [main] INFO  testCases.AccRegistrationTest - Enter first name
20:37:01.041 [main] INFO  testCases.AccRegistrationTest - Enter last name
20:37:03.652 [main] INFO  testCases.AccRegistrationTest - Set date
20:37:05.982 [main] INFO  testCases.AccRegistrationTest - Set month
20:37:10.246 [main] INFO  testCases.AccRegistrationTest - Set Year
20:37:12.380 [main] INFO  testCases.AccRegistrationTest - Set eamil
20:37:14.531 [main] INFO  testCases.AccRegistrationTest - Enter password
20:37:16.641 [main] INFO  testCases.AccRegistrationTest - Confirm password
20:37:19.740 [main] INFO  testCases.AccRegistrationTest - Clicked on register button
20:37:21.812 [main] INFO  testCases.AccRegistrationTest - validating Expected msg
20:37:26.569 [main] INFO  testCases.AccRegistrationTest - Clicked continue button
20:37:28.650 [main] INFO  testCases.AccRegistrationTest - validated logo
20:37:28.656 [main] INFO  testCases.AccRegistrationTest - captured title
20:37:28.656 [main] INFO  testCases.AccRegistrationTest - ***  Finished AccountRegistrationTest ***
20:37:32.899 [main] INFO  testCases.LoginTest -  ***Starting Login test*** 
20:37:35.601 [main] INFO  testCases.LoginTest - Clicked on login link
20:37:35.607 [main] INFO  testCases.LoginTest - Providing login details
20:37:36.757 [main] INFO  testCases.LoginTest - Entered Email
20:37:37.898 [main] INFO  testCases.LoginTest - Entered Password
